#
# A fatal error has been detected by the Java Runtime Environment:
#
#  EXCEPTION_ACCESS_VIOLATION (0xc0000005) at pc=0x00000000073d15c5, pid=5924, tid=0x00000000000044a8
#
# JRE version: OpenJDK Runtime Environment (8.0_152-b01) (build 1.8.0_152-release-1248-b01)
# Java VM: OpenJDK 64-Bit Server VM (25.152-b01 mixed mode windows-amd64 compressed oops)
# Problematic frame:
# J 16619 C1 com.android.tools.r8.ir.optimize.PeepholeOptimizer.removeRedundantInstructions(Lcom/android/tools/r8/ir/code/IRCode;Lcom/android/tools/r8/ir/regalloc/LinearScanRegisterAllocator;)V (335 bytes) @ 0x00000000073d15c5 [0x00000000073ceea0+0x2725]
#
# Failed to write core dump. Minidumps are not enabled by default on client versions of Windows
#
# If you would like to submit a bug report, please visit:
#   http://bugreport.java.com/bugreport/crash.jsp
#

---------------  T H R E A D  ---------------

Current thread (0x000000001fd3e800):  JavaThread "ForkJoinPool.commonPool-worker-7" daemon [_thread_in_Java, id=17576, stack(0x00000000303b0000,0x00000000304b0000)]

siginfo: ExceptionCode=0xc0000005, reading address 0x0000000000000009

Registers:
RAX=0x0000000000000001, RBX=0x0000000017b257f8, RCX=0x0000000000000000, RDX=0x00000000a020edb8
RSP=0x00000000304adcf0, RBP=0x00000000304ae818, RSI=0x0000000000000138, RDI=0x000000010082bd40
R8 =0x00000000a020edb8, R9 =0x00000000e3797780, R10=0x0000000000000001, R11=0x00000000a020edb8
R12=0x0000000000000000, R13=0x00000000e378ef80, R14=0x00000000e37975c0, R15=0x000000001fd3e800
RIP=0x00000000073d15c5, EFLAGS=0x0000000000010202

Top of Stack: (sp=0x00000000304adcf0)
0x00000000304adcf0:   0000000013770000 00000000e378d458
0x00000000304add00:   00000000304ae818 00000000072cd510
0x00000000304add10:   00000000e37973f8 00000000e3797448
0x00000000304add20:   0000001800000000 00000000e378ecc0
0x00000000304add30:   0000000000000000 00000000e37970e8
0x00000000304add40:   00000000304ae818 000000000777a1fc
0x00000000304add50:   00000000304ae818 0000000005ac1080
0x00000000304add60:   00000000e3796de8 00000000e3791050
0x00000000304add70:   00000000304ae818 000000000734a944
0x00000000304add80:   00000000e3794800 00000000e37974a0
0x00000000304add90:   00000000e3797480 00000000e3797468
0x00000000304adda0:   00000000e37975a0 00000000e3794800
0x00000000304addb0:   00000000e3797648 00000000e37975f0
0x00000000304addc0:   00000000e37975c0 00000000e3793598
0x00000000304addd0:   00000000e3793510 000000000000000a
0x00000000304adde0:   0000000000000001 00000000e3793598 

Instructions: (pc=0x00000000073d15c5)
0x00000000073d15a5:   2a fd 27 00 00 00 00 81 8e 90 06 00 00 00 01 00
0x00000000073d15b5:   00 e9 c1 00 00 00 48 bf 40 bd 82 00 01 00 00 00
0x00000000073d15c5:   8b 70 08 48 c1 e6 03 48 3b 7e 40 0f 85 8a 00 00
0x00000000073d15d5:   00 48 be f8 2a fd 27 00 00 00 00 8b 78 08 48 c1 


Register to memory mapping:

RAX=0x0000000000000001 is an unknown value
RBX={method} {0x0000000017b25800} 'hashCode' '()I' in 'java/lang/Integer'
RCX=0x0000000000000000 is an unknown value
RDX=0x00000000a020edb8 is an oop
java.lang.Integer 
 - klass: 'java/lang/Integer'
RSP=0x00000000304adcf0 is pointing into the stack for thread: 0x000000001fd3e800
RBP=0x00000000304ae818 is pointing into the stack for thread: 0x000000001fd3e800
RSI=0x0000000000000138 is an unknown value
RDI=0x000000010082bd40 is pointing into metadata
R8 =0x00000000a020edb8 is an oop
java.lang.Integer 
 - klass: 'java/lang/Integer'
R9 =0x00000000e3797780 is an oop
java.util.HashMap$Node 
 - klass: 'java/util/HashMap$Node'
R10=0x0000000000000001 is an unknown value
R11=0x00000000a020edb8 is an oop
java.lang.Integer 
 - klass: 'java/lang/Integer'
R12=0x0000000000000000 is an unknown value
R13=0x00000000e378ef80 is an oop
java.util.ArrayList 
 - klass: 'java/util/ArrayList'
R14=0x00000000e37975c0 is an oop
java.util.HashMap 
 - klass: 'java/util/HashMap'
R15=0x000000001fd3e800 is a thread


Stack: [0x00000000303b0000,0x00000000304b0000],  sp=0x00000000304adcf0,  free space=1015k
Native frames: (J=compiled Java code, j=interpreted, Vv=VM code, C=native code)
C  0x00000000073d15c5


---------------  P R O C E S S  ---------------

Java Threads: ( => current thread )
=>0x000000001fd3e800 JavaThread "ForkJoinPool.commonPool-worker-7" daemon [_thread_in_Java, id=17576, stack(0x00000000303b0000,0x00000000304b0000)]
  0x000000001fd3a000 JavaThread "ForkJoinPool.commonPool-worker-6" daemon [_thread_in_vm, id=13292, stack(0x00000000302b0000,0x00000000303b0000)]
  0x000000001fd33800 JavaThread "Cache worker for Java compile cache (C:\Users\kratikak\AndroidStudioProjects\swipeView2\.gradle\4.10.1\javaCompile)" [_thread_blocked, id=2096, stack(0x00000000300b0000,0x00000000301b0000)]
  0x000000001fd36800 JavaThread "Cache worker for Java compile cache (C:\Users\kratikak\.gradle\caches\4.10.1\javaCompile)" [_thread_blocked, id=2548, stack(0x000000002ffb0000,0x00000000300b0000)]
  0x000000001fd32800 JavaThread "stdout" daemon [_thread_in_native, id=572, stack(0x000000002feb0000,0x000000002ffb0000)]
  0x000000001fd34000 JavaThread "stderr" daemon [_thread_in_native, id=11524, stack(0x000000002fdb0000,0x000000002feb0000)]
  0x000000001fd32000 JavaThread "stdout" daemon [_thread_in_native, id=15324, stack(0x000000002fcb0000,0x000000002fdb0000)]
  0x000000001fd31000 JavaThread "stderr" daemon [_thread_in_native, id=2560, stack(0x000000002fbb0000,0x000000002fcb0000)]
  0x000000001fd35000 JavaThread "stdout" daemon [_thread_in_native, id=19224, stack(0x000000002fab0000,0x000000002fbb0000)]
  0x00000000204e3800 JavaThread "stderr" daemon [_thread_in_native, id=8608, stack(0x000000002f9b0000,0x000000002fab0000)]
  0x00000000204ea000 JavaThread "stdout" daemon [_thread_in_native, id=13360, stack(0x000000002f8b0000,0x000000002f9b0000)]
  0x00000000204e7800 JavaThread "stderr" daemon [_thread_in_native, id=10208, stack(0x000000002f7b0000,0x000000002f8b0000)]
  0x00000000204ea800 JavaThread "stdout" daemon [_thread_in_native, id=15844, stack(0x000000002f6b0000,0x000000002f7b0000)]
  0x00000000204e6000 JavaThread "stderr" daemon [_thread_in_native, id=11188, stack(0x000000002f5b0000,0x000000002f6b0000)]
  0x00000000204e6800 JavaThread "pool-14-thread-1" [_thread_blocked, id=17780, stack(0x000000002f4b0000,0x000000002f5b0000)]
  0x00000000204e5000 JavaThread "ForkJoinPool.commonPool-worker-3" daemon [_thread_in_vm, id=4960, stack(0x000000002f1b0000,0x000000002f2b0000)]
  0x00000000204e4800 JavaThread "ForkJoinPool.commonPool-worker-2" daemon [_thread_in_vm, id=16568, stack(0x000000002f0b0000,0x000000002f1b0000)]
  0x00000000204dd000 JavaThread "ForkJoinPool.commonPool-worker-1" daemon [_thread_in_vm, id=9404, stack(0x000000002efb0000,0x000000002f0b0000)]
  0x00000000204e0000 JavaThread "Cache worker for Build Output Cleanup Cache (C:\Users\kratikak\AndroidStudioProjects\swipeView2\.gradle\buildOutputCleanup)" [_thread_blocked, id=1936, stack(0x000000002eeb0000,0x000000002efb0000)]
  0x00000000204e3000 JavaThread "Cache worker for task history cache (C:\Users\kratikak\AndroidStudioProjects\swipeView2\.gradle\4.10.1\taskHistory)" [_thread_blocked, id=12700, stack(0x000000002edb0000,0x000000002eeb0000)]
  0x00000000204df000 JavaThread "Task worker for ':' Thread 5" [_thread_blocked, id=4144, stack(0x000000002ecb0000,0x000000002edb0000)]
  0x00000000204de800 JavaThread "Task worker for ':' Thread 4" [_thread_blocked, id=13924, stack(0x000000002ebb0000,0x000000002ecb0000)]
  0x00000000204dc000 JavaThread "Task worker for ':' Thread 3" [_thread_blocked, id=18632, stack(0x000000002eab0000,0x000000002ebb0000)]
  0x00000000204e2000 JavaThread "Task worker for ':' Thread 2" [_thread_blocked, id=16804, stack(0x000000002e9b0000,0x000000002eab0000)]
  0x00000000204db800 JavaThread "Task worker for ':'" [_thread_blocked, id=10168, stack(0x000000002e8b0000,0x000000002e9b0000)]
  0x00000000204e1800 JavaThread "Cache worker for file content cache (C:\Users\kratikak\AndroidStudioProjects\swipeView2\.gradle\4.10.1\fileContent)" [_thread_blocked, id=11856, stack(0x000000002e7b0000,0x000000002e8b0000)]
  0x00000000204dd800 JavaThread "Cache worker for file content cache (C:\Users\kratikak\.gradle\caches\4.10.1\fileContent)" [_thread_blocked, id=2428, stack(0x000000002e6b0000,0x000000002e7b0000)]
  0x000000001ac53800 JavaThread "pool-13-thread-1" [_thread_blocked, id=1432, stack(0x000000002e5b0000,0x000000002e6b0000)]
  0x000000001ac55000 JavaThread "Build operations Thread 6" [_thread_blocked, id=5708, stack(0x000000002e4b0000,0x000000002e5b0000)]
  0x000000001ac52000 JavaThread "Build operations Thread 5" [_thread_blocked, id=13148, stack(0x000000002e3b0000,0x000000002e4b0000)]
  0x000000001ac4a000 JavaThread "Build operations Thread 4" [_thread_blocked, id=5236, stack(0x000000002e2b0000,0x000000002e3b0000)]
  0x000000001ac51000 JavaThread "Build operations Thread 3" [_thread_blocked, id=4176, stack(0x000000002e1b0000,0x000000002e2b0000)]
  0x000000001ac50000 JavaThread "Build operations Thread 2" [_thread_blocked, id=13416, stack(0x000000002e0b0000,0x000000002e1b0000)]
  0x000000001ac48000 JavaThread "Build operations" [_thread_blocked, id=17752, stack(0x000000002dfb0000,0x000000002e0b0000)]
  0x000000001ac48800 JavaThread "Cache worker for cache directory md-rule (C:\Users\kratikak\.gradle\caches\4.10.1\md-rule)" [_thread_blocked, id=10900, stack(0x000000002deb0000,0x000000002dfb0000)]
  0x000000001ac4e800 JavaThread "Cache worker for cache directory md-supplier (C:\Users\kratikak\.gradle\caches\4.10.1\md-supplier)" [_thread_blocked, id=10568, stack(0x000000002ddb0000,0x000000002deb0000)]
  0x000000001ac4e000 JavaThread "Cache worker for file hash cache (C:\Users\kratikak\AndroidStudioProjects\swipeView2\.gradle\4.10.1\fileHashes)" [_thread_blocked, id=7224, stack(0x000000002dcb0000,0x000000002ddb0000)]
  0x000000001ac4c800 JavaThread "Stdin handler" [_thread_blocked, id=9572, stack(0x000000002dbb0000,0x000000002dcb0000)]
  0x000000001ac49800 JavaThread "Asynchronous log dispatcher for DefaultDaemonConnection: socket connection from /127.0.0.1:53922 to /127.0.0.1:54982" [_thread_blocked, id=17544, stack(0x000000002dab0000,0x000000002dbb0000)]
  0x000000001ac4b000 JavaThread "Daemon worker Thread 5" [_thread_blocked, id=18984, stack(0x000000002d9b0000,0x000000002dab0000)]
  0x000000001ac4b800 JavaThread "Cancel handler" [_thread_blocked, id=7520, stack(0x000000002d8b0000,0x000000002d9b0000)]
  0x000000001ac46800 JavaThread "Handler for socket connection from /127.0.0.1:53922 to /127.0.0.1:54982" [_thread_in_native, id=9460, stack(0x000000002d7b0000,0x000000002d8b0000)]
  0x000000001ac45800 JavaThread "Daemon Thread 5" [_thread_blocked, id=9088, stack(0x000000002d6b0000,0x000000002d7b0000)]
  0x000000001ac47000 JavaThread "Memory manager" [_thread_blocked, id=6720, stack(0x0000000024bb0000,0x0000000024cb0000)]
  0x000000001bbf7800 JavaThread "Cache worker for Artifact transforms cache (C:\Users\kratikak\.gradle\caches\transforms-1)" [_thread_blocked, id=15280, stack(0x00000000225b0000,0x00000000226b0000)]
  0x000000001bbfc000 JavaThread "Cache worker for journal cache (C:\Users\kratikak\.gradle\caches\journal-1)" [_thread_blocked, id=9740, stack(0x0000000020a40000,0x0000000020b40000)]
  0x000000001c017000 JavaThread "File lock request listener" [_thread_in_native, id=15540, stack(0x000000001e7a0000,0x000000001e8a0000)]
  0x000000001d568000 JavaThread "Cache worker for file hash cache (C:\Users\kratikak\.gradle\caches\4.10.1\fileHashes)" [_thread_blocked, id=11888, stack(0x000000001e6a0000,0x000000001e7a0000)]
  0x000000001b129000 JavaThread "Daemon periodic checks" [_thread_blocked, id=19408, stack(0x000000001cbd0000,0x000000001ccd0000)]
  0x000000001aa46800 JavaThread "Incoming local TCP Connector on port 53922" [_thread_in_native, id=13252, stack(0x000000001c6f0000,0x000000001c7f0000)]
  0x000000001a44c800 JavaThread "Service Thread" daemon [_thread_blocked, id=3400, stack(0x000000001a7e0000,0x000000001a8e0000)]
  0x0000000018467800 JavaThread "C1 CompilerThread2" daemon [_thread_blocked, id=3488, stack(0x000000001a2e0000,0x000000001a3e0000)]
  0x0000000018466800 JavaThread "C2 CompilerThread1" daemon [_thread_blocked, id=13880, stack(0x000000001a1e0000,0x000000001a2e0000)]
  0x0000000018461800 JavaThread "C2 CompilerThread0" daemon [_thread_blocked, id=15696, stack(0x000000001a0e0000,0x000000001a1e0000)]
  0x000000001845e000 JavaThread "Attach Listener" daemon [_thread_blocked, id=2044, stack(0x0000000019fe0000,0x000000001a0e0000)]
  0x000000001845d000 JavaThread "Signal Dispatcher" daemon [_thread_blocked, id=16036, stack(0x0000000019ee0000,0x0000000019fe0000)]
  0x000000001844b800 JavaThread "Finalizer" daemon [_thread_blocked, id=16436, stack(0x0000000019cf0000,0x0000000019df0000)]
  0x00000000048a2800 JavaThread "Reference Handler" daemon [_thread_blocked, id=16360, stack(0x0000000019bf0000,0x0000000019cf0000)]
  0x00000000045ed800 JavaThread "main" [_thread_blocked, id=7932, stack(0x00000000046b0000,0x00000000047b0000)]

Other Threads:
  0x0000000018427800 VMThread [stack: 0x0000000019af0000,0x0000000019bf0000] [id=212]
  0x000000001a44d800 WatcherThread [stack: 0x000000001a8e0000,0x000000001a9e0000] [id=15560]

VM state:synchronizing (normal execution)

VM Mutex/Monitor currently owned by a thread:  ([mutex/lock_event])
[0x00000000045ecab0] Safepoint_lock - owner thread: 0x0000000018427800
[0x00000000045ec7b0] Threads_lock - owner thread: 0x0000000018427800
[0x00000000047b16d0] CompiledIC_lock - owner thread: 0x00000000204dd000

Heap:
 PSYoungGen      total 333312K, used 146723K [0x00000000e0000000, 0x00000000fb000000, 0x0000000100000000)
  eden space 313344K, 45% used [0x00000000e0000000,0x00000000e8c82bd8,0x00000000f3200000)
  from space 19968K, 14% used [0x00000000f3200000,0x00000000f34c63a8,0x00000000f4580000)
  to   space 20480K, 0% used [0x00000000f9c00000,0x00000000f9c00000,0x00000000fb000000)
 ParOldGen       total 129024K, used 54570K [0x00000000a0000000, 0x00000000a7e00000, 0x00000000e0000000)
  object space 129024K, 42% used [0x00000000a0000000,0x00000000a354a960,0x00000000a7e00000)
 Metaspace       used 92533K, capacity 97002K, committed 97304K, reserved 1134592K
  class space    used 11800K, capacity 12778K, committed 12840K, reserved 1048576K

Card table byte_map: [0x0000000013c70000,0x0000000013f80000] byte_map_base: 0x0000000013770000

Marking Bits: (ParMarkBitMap*) 0x0000000064a75aa0
 Begin Bits: [0x0000000014780000, 0x0000000015f80000)
 End Bits:   [0x0000000015f80000, 0x0000000017780000)

Polling page: 0x0000000004590000

CodeCache: size=245760Kb used=50871Kb max_used=50871Kb free=194888Kb
 bounds [0x00000000048b0000, 0x0000000007ab0000, 0x00000000138b0000]
 total_blobs=17162 nmethods=16283 adapters=790
 compilation: enabled

Compilation events (10 events):
Event: 2426.894 Thread 0x0000000018467800 19135   !   2       sun.security.jca.GetInstance::getInstance (130 bytes)
Event: 2426.895 Thread 0x0000000018467800 nmethod 19135 0x0000000006e64a50 code [0x0000000006e64ca0, 0x0000000006e65718]
Event: 2426.902 Thread 0x0000000018467800 19136       1       java.util.WeakHashMap$Entry::getValue (5 bytes)
Event: 2426.902 Thread 0x0000000018467800 nmethod 19136 0x0000000006d98090 code [0x0000000006d981e0, 0x0000000006d982f0]
Event: 2426.906 Thread 0x0000000018467800 19137       1       com.android.tools.r8.BaseCommand$Builder::getReporter (5 bytes)
Event: 2426.906 Thread 0x0000000018467800 nmethod 19137 0x00000000070d95d0 code [0x00000000070d9720, 0x00000000070d9830]
Event: 2426.907 Thread 0x0000000018467800 19138       2       com.android.tools.r8.ir.code.InvokeSuper::buildDex (121 bytes)
Event: 2426.907 Thread 0x0000000018467800 nmethod 19138 0x0000000006e97350 code [0x0000000006e97500, 0x0000000006e97948]
Event: 2426.907 Thread 0x0000000018467800 19139       1       com.android.tools.r8.dex.ApplicationReader::access$300 (5 bytes)
Event: 2426.908 Thread 0x0000000018467800 nmethod 19139 0x00000000070d8d90 code [0x00000000070d8ee0, 0x00000000070d8fd0]

GC Heap History (10 events):
Event: 2419.383 GC heap before
{Heap before GC invocations=20 (full 3):
 PSYoungGen      total 224768K, used 217897K [0x00000000e0000000, 0x00000000f0280000, 0x0000000100000000)
  eden space 205824K, 99% used [0x00000000e0000000,0x00000000ec8e0088,0x00000000ec900000)
  from space 18944K, 64% used [0x00000000edd80000,0x00000000ee96a650,0x00000000ef000000)
  to   space 20992K, 0% used [0x00000000ec900000,0x00000000ec900000,0x00000000edd80000)
 ParOldGen       total 129024K, used 40701K [0x00000000a0000000, 0x00000000a7e00000, 0x00000000e0000000)
  object space 129024K, 31% used [0x00000000a0000000,0x00000000a27bf740,0x00000000a7e00000)
 Metaspace       used 80704K, capacity 83852K, committed 83992K, reserved 1122304K
  class space    used 10386K, capacity 11191K, committed 11304K, reserved 1048576K
Event: 2419.473 GC heap after
Heap after GC invocations=20 (full 3):
 PSYoungGen      total 226816K, used 10810K [0x00000000e0000000, 0x00000000f2300000, 0x0000000100000000)
  eden space 205824K, 0% used [0x00000000e0000000,0x00000000e0000000,0x00000000ec900000)
  from space 20992K, 51% used [0x00000000ec900000,0x00000000ed38ea60,0x00000000edd80000)
  to   space 19968K, 0% used [0x00000000f0f80000,0x00000000f0f80000,0x00000000f2300000)
 ParOldGen       total 129024K, used 41233K [0x00000000a0000000, 0x00000000a7e00000, 0x00000000e0000000)
  object space 129024K, 31% used [0x00000000a0000000,0x00000000a2844770,0x00000000a7e00000)
 Metaspace       used 80704K, capacity 83852K, committed 83992K, reserved 1122304K
  class space    used 10386K, capacity 11191K, committed 11304K, reserved 1048576K
}
Event: 2424.860 GC heap before
{Heap before GC invocations=21 (full 3):
 PSYoungGen      total 226816K, used 216634K [0x00000000e0000000, 0x00000000f2300000, 0x0000000100000000)
  eden space 205824K, 100% used [0x00000000e0000000,0x00000000ec900000,0x00000000ec900000)
  from space 20992K, 51% used [0x00000000ec900000,0x00000000ed38ea60,0x00000000edd80000)
  to   space 19968K, 0% used [0x00000000f0f80000,0x00000000f0f80000,0x00000000f2300000)
 ParOldGen       total 129024K, used 41233K [0x00000000a0000000, 0x00000000a7e00000, 0x00000000e0000000)
  object space 129024K, 31% used [0x00000000a0000000,0x00000000a2844770,0x00000000a7e00000)
 Metaspace       used 84078K, capacity 87598K, committed 87704K, reserved 1126400K
  class space    used 10801K, capacity 11634K, committed 11688K, reserved 1048576K
Event: 2424.890 GC heap after
Heap after GC invocations=21 (full 3):
 PSYoungGen      total 267776K, used 11517K [0x00000000e0000000, 0x00000000f1d80000, 0x0000000100000000)
  eden space 253440K, 0% used [0x00000000e0000000,0x00000000e0000000,0x00000000ef780000)
  from space 14336K, 80% used [0x00000000f0f80000,0x00000000f1abf6c8,0x00000000f1d80000)
  to   space 19456K, 0% used [0x00000000ef780000,0x00000000ef780000,0x00000000f0a80000)
 ParOldGen       total 129024K, used 45495K [0x00000000a0000000, 0x00000000a7e00000, 0x00000000e0000000)
  object space 129024K, 35% used [0x00000000a0000000,0x00000000a2c6de90,0x00000000a7e00000)
 Metaspace       used 84078K, capacity 87598K, committed 87704K, reserved 1126400K
  class space    used 10801K, capacity 11634K, committed 11688K, reserved 1048576K
}
Event: 2425.999 GC heap before
{Heap before GC invocations=22 (full 3):
 PSYoungGen      total 267776K, used 264957K [0x00000000e0000000, 0x00000000f1d80000, 0x0000000100000000)
  eden space 253440K, 100% used [0x00000000e0000000,0x00000000ef780000,0x00000000ef780000)
  from space 14336K, 80% used [0x00000000f0f80000,0x00000000f1abf6c8,0x00000000f1d80000)
  to   space 19456K, 0% used [0x00000000ef780000,0x00000000ef780000,0x00000000f0a80000)
 ParOldGen       total 129024K, used 45495K [0x00000000a0000000, 0x00000000a7e00000, 0x00000000e0000000)
  object space 129024K, 35% used [0x00000000a0000000,0x00000000a2c6de90,0x00000000a7e00000)
 Metaspace       used 91707K, capacity 95964K, committed 96152K, reserved 1132544K
  class space    used 11767K, capacity 12709K, committed 12712K, reserved 1048576K
Event: 2426.026 GC heap after
Heap after GC invocations=22 (full 3):
 PSYoungGen      total 272896K, used 15046K [0x00000000e0000000, 0x00000000f5900000, 0x0000000100000000)
  eden space 253440K, 0% used [0x00000000e0000000,0x00000000e0000000,0x00000000ef780000)
  from space 19456K, 77% used [0x00000000ef780000,0x00000000f0631898,0x00000000f0a80000)
  to   space 19968K, 0% used [0x00000000f4580000,0x00000000f4580000,0x00000000f5900000)
 ParOldGen       total 129024K, used 48791K [0x00000000a0000000, 0x00000000a7e00000, 0x00000000e0000000)
  object space 129024K, 37% used [0x00000000a0000000,0x00000000a2fa5d78,0x00000000a7e00000)
 Metaspace       used 91707K, capacity 95964K, committed 96152K, reserved 1132544K
  class space    used 11767K, capacity 12709K, committed 12712K, reserved 1048576K
}
Event: 2426.402 GC heap before
{Heap before GC invocations=23 (full 3):
 PSYoungGen      total 272896K, used 268486K [0x00000000e0000000, 0x00000000f5900000, 0x0000000100000000)
  eden space 253440K, 100% used [0x00000000e0000000,0x00000000ef780000,0x00000000ef780000)
  from space 19456K, 77% used [0x00000000ef780000,0x00000000f0631898,0x00000000f0a80000)
  to   space 19968K, 0% used [0x00000000f4580000,0x00000000f4580000,0x00000000f5900000)
 ParOldGen       total 129024K, used 48791K [0x00000000a0000000, 0x00000000a7e00000, 0x00000000e0000000)
  object space 129024K, 37% used [0x00000000a0000000,0x00000000a2fa5d78,0x00000000a7e00000)
 Metaspace       used 92293K, capacity 96782K, committed 97048K, reserved 1134592K
  class space    used 11800K, capacity 12778K, committed 12840K, reserved 1048576K
Event: 2426.438 GC heap after
Heap after GC invocations=23 (full 3):
 PSYoungGen      total 333312K, used 7780K [0x00000000e0000000, 0x00000000f6700000, 0x0000000100000000)
  eden space 313344K, 0% used [0x00000000e0000000,0x00000000e0000000,0x00000000f3200000)
  from space 19968K, 38% used [0x00000000f4580000,0x00000000f4d19248,0x00000000f5900000)
  to   space 19968K, 0% used [0x00000000f3200000,0x00000000f3200000,0x00000000f4580000)
 ParOldGen       total 129024K, used 51468K [0x00000000a0000000, 0x00000000a7e00000, 0x00000000e0000000)
  object space 129024K, 39% used [0x00000000a0000000,0x00000000a3243328,0x00000000a7e00000)
 Metaspace       used 92293K, capacity 96782K, committed 97048K, reserved 1134592K
  class space    used 11800K, capacity 12778K, committed 12840K, reserved 1048576K
}
Event: 2426.781 GC heap before
{Heap before GC invocations=24 (full 3):
 PSYoungGen      total 333312K, used 321124K [0x00000000e0000000, 0x00000000f6700000, 0x0000000100000000)
  eden space 313344K, 100% used [0x00000000e0000000,0x00000000f3200000,0x00000000f3200000)
  from space 19968K, 38% used [0x00000000f4580000,0x00000000f4d19248,0x00000000f5900000)
  to   space 19968K, 0% used [0x00000000f3200000,0x00000000f3200000,0x00000000f4580000)
 ParOldGen       total 129024K, used 51468K [0x00000000a0000000, 0x00000000a7e00000, 0x00000000e0000000)
  object space 129024K, 39% used [0x00000000a0000000,0x00000000a3243328,0x00000000a7e00000)
 Metaspace       used 92478K, capacity 96934K, committed 97048K, reserved 1134592K
  class space    used 11800K, capacity 12778K, committed 12840K, reserved 1048576K
Event: 2426.788 GC heap after
Heap after GC invocations=24 (full 3):
 PSYoungGen      total 333312K, used 2840K [0x00000000e0000000, 0x00000000fb000000, 0x0000000100000000)
  eden space 313344K, 0% used [0x00000000e0000000,0x00000000e0000000,0x00000000f3200000)
  from space 19968K, 14% used [0x00000000f3200000,0x00000000f34c63a8,0x00000000f4580000)
  to   space 20480K, 0% used [0x00000000f9c00000,0x00000000f9c00000,0x00000000fb000000)
 ParOldGen       total 129024K, used 54570K [0x00000000a0000000, 0x00000000a7e00000, 0x00000000e0000000)
  object space 129024K, 42% used [0x00000000a0000000,0x00000000a354a960,0x00000000a7e00000)
 Metaspace       used 92478K, capacity 96934K, committed 97048K, reserved 1134592K
  class space    used 11800K, capacity 12778K, committed 12840K, reserved 1048576K
}

Deoptimization events (10 events):
Event: 2426.068 Thread 0x00000000204dd000 Uncommon trap: reason=unstable_if action=reinterpret pc=0x000000000757c8a0 method=com.android.tools.r8.ir.conversion.JarState$Slot.isReferenceCompatible(Lcom/android/tools/r8/org/objectweb/asm/Type;Lcom/android/tools/r8/org/objectweb/asm/Type;)Z @ 95
Event: 2426.068 Thread 0x00000000204dd000 Uncommon trap: reason=unstable_if action=reinterpret pc=0x0000000007445650 method=com.android.tools.r8.ir.conversion.JarState$Slot.isReferenceCompatible(Lcom/android/tools/r8/org/objectweb/asm/Type;Lcom/android/tools/r8/org/objectweb/asm/Type;)Z @ 95
Event: 2426.118 Thread 0x000000001fd3e800 Uncommon trap: reason=unstable_if action=reinterpret pc=0x0000000005c471c0 method=java.nio.DirectByteBuffer.put([BII)Ljava/nio/ByteBuffer; @ 8
Event: 2426.602 Thread 0x00000000204e5000 Uncommon trap: reason=unstable_if action=reinterpret pc=0x000000000770acec method=com.android.tools.r8.ir.code.Value.getStartOfConsecutive()Lcom/android/tools/r8/ir/code/Value; @ 6
Event: 2426.632 Thread 0x00000000204dd000 Uncommon trap: reason=array_check action=maybe_recompile pc=0x00000000079d644c method=java.util.TimSort.binarySort([Ljava/lang/Object;IIILjava/util/Comparator;)V @ 193
Event: 2426.632 Thread 0x00000000204dd000 Uncommon trap: reason=array_check action=maybe_recompile pc=0x00000000079d644c method=java.util.TimSort.binarySort([Ljava/lang/Object;IIILjava/util/Comparator;)V @ 193
Event: 2426.632 Thread 0x00000000204dd000 Uncommon trap: reason=array_check action=maybe_recompile pc=0x00000000079d644c method=java.util.TimSort.binarySort([Ljava/lang/Object;IIILjava/util/Comparator;)V @ 193
Event: 2426.632 Thread 0x00000000204dd000 Uncommon trap: reason=array_check action=maybe_recompile pc=0x00000000079d6514 method=java.util.TimSort.binarySort([Ljava/lang/Object;IIILjava/util/Comparator;)V @ 183
Event: 2426.632 Thread 0x00000000204dd000 Uncommon trap: reason=array_check action=maybe_recompile pc=0x00000000079d644c method=java.util.TimSort.binarySort([Ljava/lang/Object;IIILjava/util/Comparator;)V @ 193
Event: 2426.633 Thread 0x00000000204dd000 Uncommon trap: reason=array_check action=maybe_recompile pc=0x00000000078d3b54 method=java.util.TimSort.binarySort([Ljava/lang/Object;IIILjava/util/Comparator;)V @ 193

Classes redefined (0 events):
No events

Internal exceptions (10 events):
Event: 2424.897 Thread 0x00000000204e2000 Exception <a 'sun/nio/fs/WindowsException'> (0x00000000e003e2f0) thrown at [D:\src\AOSP-openjdk-cygwin\jdk8u\hotspot\src\share\vm\prims\jni.cpp, line 709]
Event: 2424.909 Thread 0x00000000204e2000 Exception <a 'sun/nio/fs/WindowsException'> (0x00000000e006dfa8) thrown at [D:\src\AOSP-openjdk-cygwin\jdk8u\hotspot\src\share\vm\prims\jni.cpp, line 709]
Event: 2424.928 Thread 0x00000000204e2000 Exception <a 'sun/nio/fs/WindowsException'> (0x00000000e0099780) thrown at [D:\src\AOSP-openjdk-cygwin\jdk8u\hotspot\src\share\vm\prims\jni.cpp, line 709]
Event: 2424.954 Thread 0x00000000204e2000 Exception <a 'sun/nio/fs/WindowsException'> (0x00000000e00c6f38) thrown at [D:\src\AOSP-openjdk-cygwin\jdk8u\hotspot\src\share\vm\prims\jni.cpp, line 709]
Event: 2424.961 Thread 0x00000000204e2000 Exception <a 'sun/nio/fs/WindowsException'> (0x00000000e00e35c0) thrown at [D:\src\AOSP-openjdk-cygwin\jdk8u\hotspot\src\share\vm\prims\jni.cpp, line 709]
Event: 2424.961 Thread 0x00000000204e2000 Exception <a 'sun/nio/fs/WindowsException'> (0x00000000e00e4128) thrown at [D:\src\AOSP-openjdk-cygwin\jdk8u\hotspot\src\share\vm\prims\jni.cpp, line 709]
Event: 2424.961 Thread 0x00000000204e2000 Exception <a 'sun/nio/fs/WindowsException'> (0x00000000e00e5668) thrown at [D:\src\AOSP-openjdk-cygwin\jdk8u\hotspot\src\share\vm\prims\jni.cpp, line 709]
Event: 2424.975 Thread 0x00000000204e2000 Exception <a 'sun/nio/fs/WindowsException'> (0x00000000e014b030) thrown at [D:\src\AOSP-openjdk-cygwin\jdk8u\hotspot\src\share\vm\prims\jni.cpp, line 709]
Event: 2425.962 Thread 0x00000000204e5000 Implicit null exception at 0x00000000059d0c1a to 0x00000000059d0cdd
Event: 2426.911 Thread 0x000000001fd3e800 Implicit null exception at 0x00000000073d15c5 to 0x0000000000000000

Events (10 events):
Event: 2426.819 Thread 0x0000000018467800 flushing nmethod 0x00000000070ce990
Event: 2426.819 Thread 0x0000000018467800 flushing nmethod 0x00000000070d8b90
Event: 2426.819 Thread 0x0000000018467800 flushing nmethod 0x00000000070d8f50
Event: 2426.819 Thread 0x0000000018467800 flushing nmethod 0x00000000070d9e10
Event: 2426.819 Thread 0x0000000018467800 flushing nmethod 0x00000000070e28d0
Event: 2426.819 Thread 0x0000000018467800 flushing nmethod 0x00000000070e2d90
Event: 2426.852 Thread 0x000000001fd3e800 DEOPT PACKING pc=0x0000000007764d5d sp=0x00000000304ae040
Event: 2426.852 Thread 0x000000001fd3e800 DEOPT UNPACKING pc=0x00000000048f75d0 sp=0x00000000304ade18 mode 0
Event: 2426.869 Thread 0x000000001fd3e800 DEOPT PACKING pc=0x0000000005489ee3 sp=0x00000000304ae310
Event: 2426.869 Thread 0x000000001fd3e800 DEOPT UNPACKING pc=0x00000000048f75d0 sp=0x00000000304ae030 mode 0


Dynamic libraries:
0x00007ff6c2860000 - 0x00007ff6c2891000 	C:\Program Files\Android\Android Studio\jre\bin\java.exe
0x00007ff93cb20000 - 0x00007ff93cd00000 	C:\WINDOWS\SYSTEM32\ntdll.dll
0x00007ff93b9e0000 - 0x00007ff93ba8e000 	C:\WINDOWS\System32\KERNEL32.DLL
0x00007ff9394e0000 - 0x00007ff939746000 	C:\WINDOWS\System32\KERNELBASE.dll
0x0000000065eb0000 - 0x0000000065f45000 	C:\WINDOWS\System32\SYSFER.DLL
0x00007ff93a3e0000 - 0x00007ff93a481000 	C:\WINDOWS\System32\ADVAPI32.dll
0x00007ff93be90000 - 0x00007ff93bf2d000 	C:\WINDOWS\System32\msvcrt.dll
0x00007ff93bb30000 - 0x00007ff93bb8b000 	C:\WINDOWS\System32\sechost.dll
0x00007ff93c7a0000 - 0x00007ff93c8bf000 	C:\WINDOWS\System32\RPCRT4.dll
0x00007ff93bf30000 - 0x00007ff93c0bf000 	C:\WINDOWS\System32\USER32.dll
0x00007ff938fd0000 - 0x00007ff938ff0000 	C:\WINDOWS\System32\win32u.dll
0x00007ff939ff0000 - 0x00007ff93a018000 	C:\WINDOWS\System32\GDI32.dll
0x00007ff938ff0000 - 0x00007ff939183000 	C:\WINDOWS\System32\gdi32full.dll
0x00007ff9391f0000 - 0x00007ff93928b000 	C:\WINDOWS\System32\msvcp_win.dll
0x00007ff939ea0000 - 0x00007ff939f94000 	C:\WINDOWS\System32\ucrtbase.dll
0x00007ff91a1e0000 - 0x00007ff91a449000 	C:\WINDOWS\WinSxS\amd64_microsoft.windows.common-controls_6595b64144ccf1df_6.0.16299.1087_none_0f9074b65a6589b7\COMCTL32.dll
0x00007ff93a020000 - 0x00007ff93a326000 	C:\WINDOWS\System32\combase.dll
0x00007ff939290000 - 0x00007ff939302000 	C:\WINDOWS\System32\bcryptPrimitives.dll
0x00007ff93b8f0000 - 0x00007ff93b91d000 	C:\WINDOWS\System32\IMM32.DLL
0x0000000068000000 - 0x0000000068057000 	C:\WINDOWS\SYSTEM32\QIPCAP64.DLL
0x00007ff93a4b0000 - 0x00007ff93b8e8000 	C:\WINDOWS\System32\SHELL32.dll
0x00007ff939fa0000 - 0x00007ff939fea000 	C:\WINDOWS\System32\cfgmgr32.dll
0x00007ff93a330000 - 0x00007ff93a3d6000 	C:\WINDOWS\System32\shcore.dll
0x00007ff939750000 - 0x00007ff939e97000 	C:\WINDOWS\System32\windows.storage.dll
0x00007ff93b920000 - 0x00007ff93b971000 	C:\WINDOWS\System32\shlwapi.dll
0x00007ff938ee0000 - 0x00007ff938ef1000 	C:\WINDOWS\System32\kernel.appcore.dll
0x00007ff938e90000 - 0x00007ff938edc000 	C:\WINDOWS\System32\powrprof.dll
0x00007ff938f00000 - 0x00007ff938f1b000 	C:\WINDOWS\System32\profapi.dll
0x00007ff9384e0000 - 0x00007ff938596000 	C:\WINDOWS\SYSTEM32\DNSAPI.dll
0x00007ff93c710000 - 0x00007ff93c77c000 	C:\WINDOWS\System32\WS2_32.dll
0x00007ff93cae0000 - 0x00007ff93cae8000 	C:\WINDOWS\System32\NSI.dll
0x00007ff938490000 - 0x00007ff9384c9000 	C:\WINDOWS\SYSTEM32\IPHLPAPI.DLL
0x00000000641d0000 - 0x00000000642a2000 	C:\Program Files\Android\Android Studio\jre\jre\bin\msvcr100.dll
0x00000000642b0000 - 0x0000000064af1000 	C:\Program Files\Android\Android Studio\jre\jre\bin\server\jvm.dll
0x00007ff93a490000 - 0x00007ff93a498000 	C:\WINDOWS\System32\PSAPI.DLL
0x00007ff918460000 - 0x00007ff918469000 	C:\WINDOWS\SYSTEM32\WSOCK32.dll
0x00007ff937010000 - 0x00007ff937033000 	C:\WINDOWS\SYSTEM32\WINMM.dll
0x00007ff928d00000 - 0x00007ff928d0a000 	C:\WINDOWS\SYSTEM32\VERSION.dll
0x00007ff936bd0000 - 0x00007ff936bfa000 	C:\WINDOWS\SYSTEM32\WINMMBASE.dll
0x00007ff92d3b0000 - 0x00007ff92d3bf000 	C:\Program Files\Android\Android Studio\jre\jre\bin\verify.dll
0x00007ff90dc10000 - 0x00007ff90dc39000 	C:\Program Files\Android\Android Studio\jre\jre\bin\java.dll
0x00007ff9186b0000 - 0x00007ff9186c6000 	C:\Program Files\Android\Android Studio\jre\jre\bin\zip.dll
0x00007ff914b00000 - 0x00007ff914b1a000 	C:\Program Files\Android\Android Studio\jre\jre\bin\net.dll
0x00007ff938700000 - 0x00007ff938766000 	C:\WINDOWS\system32\mswsock.dll
0x00007ff90d7d0000 - 0x00007ff90d7e1000 	C:\Program Files\Android\Android Studio\jre\jre\bin\nio.dll
0x00007ff92f8f0000 - 0x00007ff92f90e000 	C:\Users\kratikak\.gradle\native\25\windows-amd64\native-platform.dll
0x00007ff92cf50000 - 0x00007ff92cf5d000 	C:\Program Files\Android\Android Studio\jre\jre\bin\management.dll
0x00007ff9388c0000 - 0x00007ff9388d7000 	C:\WINDOWS\SYSTEM32\CRYPTSP.dll
0x00007ff938080000 - 0x00007ff9380b3000 	C:\WINDOWS\system32\rsaenh.dll
0x00007ff9389d0000 - 0x00007ff9389f5000 	C:\WINDOWS\SYSTEM32\bcrypt.dll
0x00007ff938da0000 - 0x00007ff938dc9000 	C:\WINDOWS\SYSTEM32\USERENV.dll
0x00007ff9388e0000 - 0x00007ff9388eb000 	C:\WINDOWS\SYSTEM32\CRYPTBASE.dll
0x00007ff930310000 - 0x00007ff930326000 	C:\WINDOWS\SYSTEM32\dhcpcsvc6.DLL
0x00007ff9302f0000 - 0x00007ff93030a000 	C:\WINDOWS\SYSTEM32\dhcpcsvc.DLL
0x00007ff937d80000 - 0x00007ff937db1000 	C:\WINDOWS\SYSTEM32\ntmarta.dll
0x00007ff926620000 - 0x00007ff9267e8000 	C:\WINDOWS\SYSTEM32\dbghelp.dll

VM Arguments:
jvm_args: -Xmx1536m -Dfile.encoding=windows-1252 -Duser.country=US -Duser.language=en -Duser.variant 
java_command: org.gradle.launcher.daemon.bootstrap.GradleDaemon 4.10.1
java_class_path (initial): C:\Users\kratikak\.gradle\wrapper\dists\gradle-4.10.1-all\455itskqi2qtf0v2sja68alqd\gradle-4.10.1\lib\gradle-launcher-4.10.1.jar
Launcher Type: SUN_STANDARD

Environment Variables:
PATH=C:\ProgramData\Oracle\Java\javapath;C:\Program Files (x86)\Common Files\Oracle\Java\javapath;C:\WINDOWS\system32;C:\WINDOWS;C:\WINDOWS\System32\Wbem;C:\WINDOWS\System32\WindowsPowerShell\v1.0\;C:\Windows\CCM;C:\Program Files\Git\cmd;C:\Program Files\TortoiseGit\bin;C:\Users\kratikak\AppData\Local\Microsoft\WindowsApps;
USERNAME=KratikaK
OS=Windows_NT
PROCESSOR_IDENTIFIER=Intel64 Family 6 Model 158 Stepping 10, GenuineIntel



---------------  S Y S T E M  ---------------

OS: Windows 10.0 , 64 bit Build 16299 (10.0.16299.1087)

CPU:total 6 (initial active 6) (6 cores per cpu, 1 threads per core) family 6 model 158 stepping 10, cmov, cx8, fxsr, mmx, sse, sse2, sse3, ssse3, sse4.1, sse4.2, popcnt, avx, avx2, aes, clmul, erms, 3dnowpref, lzcnt, tsc, tscinvbit, bmi1, bmi2, adx

Memory: 4k page, physical 8208568k(362320k free), swap 16137240k(4245796k free)

vm_info: OpenJDK 64-Bit Server VM (25.152-b01) for windows-amd64 JRE (1.8.0_152-release-1248-b01), built by "builder" with MS VC++ 10.0 (VS2010)

time: Wed May 15 16:35:30 2019
elapsed time: 2427 seconds (0d 0h 40m 27s)

